<?xml version="1.0" encoding="UTF-8"?>
<testsuites name="jest tests" tests="4" failures="0" errors="0" time="51.108">
  <testsuite name="Header" errors="0" failures="0" skipped="0" timestamp="2023-11-01T07:53:09" time="36.94" tests="3">
    <testcase classname="Header renders with correct props" name="Header renders with correct props" time="0.064">
    </testcase>
    <testcase classname="Header renders with default props" name="Header renders with default props" time="0.006">
    </testcase>
    <testcase classname="Header renders with custom width and height" name="Header renders with custom width and height" time="0.009">
    </testcase>
  </testsuite>
  <testsuite name="BannerContainer" errors="0" failures="0" skipped="0" timestamp="2023-11-01T07:53:09" time="36.955" tests="1">
    <testcase classname="BannerContainer should render with the correct image and two divs" name="BannerContainer should render with the correct image and two divs" time="0.09">
    </testcase>
  </testsuite>
</testsuites>