<?xml version="1.0" encoding="UTF-8"?>
<testsuites name="jest tests" tests="10" failures="0" errors="0" time="14.887">
  <testsuite name="BannerContainer" errors="0" failures="0" skipped="0" timestamp="2023-11-08T08:27:30" time="7.331" tests="1">
    <testcase classname="BannerContainer renders correctly with props" name="BannerContainer renders correctly with props" time="0.122">
    </testcase>
  </testsuite>
  <testsuite name="&lt;Header&gt; Component" errors="0" failures="0" skipped="0" timestamp="2023-11-08T08:27:30" time="7.364" tests="2">
    <testcase classname="&lt;Header&gt; Component renders not inject props" name="&lt;Header&gt; Component renders not inject props" time="0.069">
    </testcase>
    <testcase classname="&lt;Header&gt; Component should render inject props" name="&lt;Header&gt; Component should render inject props" time="0.014">
    </testcase>
  </testsuite>
  <testsuite name="App component" errors="0" failures="0" skipped="0" timestamp="2023-11-08T08:27:30" time="10.705" tests="1">
    <testcase classname="App component renders App component without crashing" name="App component renders App component without crashing" time="0.305">
    </testcase>
  </testsuite>
  <testsuite name="ControlPanel" errors="0" failures="0" skipped="0" timestamp="2023-11-08T08:27:30" time="11.255" tests="3">
    <testcase classname="ControlPanel renders correctly with props input1" name="ControlPanel renders correctly with props input1" time="0.393">
    </testcase>
    <testcase classname="ControlPanel renders correctly with props input2" name="ControlPanel renders correctly with props input2" time="0.105">
    </testcase>
    <testcase classname="ControlPanel handles interactive select" name="ControlPanel handles interactive select" time="0.356">
    </testcase>
  </testsuite>
  <testsuite name="DownloadButton" errors="0" failures="0" skipped="0" timestamp="2023-11-08T08:27:37" time="6.228" tests="3">
    <testcase classname="DownloadButton renders correctly with props input1" name="DownloadButton renders correctly with props input1" time="0.21">
    </testcase>
    <testcase classname="DownloadButton renders correctly with props input2" name="DownloadButton renders correctly with props input2" time="0.063">
    </testcase>
    <testcase classname="DownloadButton handles click event" name="DownloadButton handles click event" time="0.048">
    </testcase>
  </testsuite>
</testsuites>