<?xml version="1.0" encoding="UTF-8"?>
<testsuites name="jest tests" tests="1" failures="1" errors="0" time="38.339">
  <testsuite name="undefined" errors="0" failures="1" skipped="0" timestamp="2023-11-01T00:20:00" time="37.64" tests="1">
    <testcase classname=" renders learn react link" name=" renders learn react link" time="0.094">
      <failure>TestingLibraryElementError: Unable to find an element with the text: /learn react/i. This could be because the text is broken up by multiple elements. In this case, you can provide a function for your text matcher to make your matcher more flexible.

Ignored nodes: comments, script, style
&lt;body&gt;
  &lt;div&gt;
    &lt;div
      class=&quot;MuiBox-root css-171gdgz&quot;
    &gt;
      &lt;div
        class=&quot;css-1sd4086&quot;
      &gt;
        &lt;div
          class=&quot;css-12sxkp3&quot;
        &gt;
           
        &lt;/div&gt;
      &lt;/div&gt;
      &lt;div
        class=&quot;MuiContainer-root MuiContainer-maxWidthLg css-1oqqzyl-MuiContainer-root&quot;
      &gt;
        &lt;div
          class=&quot;MuiBox-root css-11xpnnz&quot;
        &gt;
          &lt;div
            class=&quot;css-cp1xhs&quot;
          &gt;
            งบการเงินล่าสุด
          &lt;/div&gt;
        &lt;/div&gt;
      &lt;/div&gt;
    &lt;/div&gt;
  &lt;/div&gt;
&lt;/body&gt;
    at Object.getElementError (C:\Users\Chinnawat.P\Developer\ptt-green-energy-1\node_modules\@testing-library\react\node_modules\@testing-library\dom\dist\config.js:37:19)
    at allQuery (C:\Users\Chinnawat.P\Developer\ptt-green-energy-1\node_modules\@testing-library\react\node_modules\@testing-library\dom\dist\query-helpers.js:76:38)
    at query (C:\Users\Chinnawat.P\Developer\ptt-green-energy-1\node_modules\@testing-library\react\node_modules\@testing-library\dom\dist\query-helpers.js:52:17)
    at C:\Users\Chinnawat.P\Developer\ptt-green-energy-1\node_modules\@testing-library\react\node_modules\@testing-library\dom\dist\query-helpers.js:95:19
    at Object.&lt;anonymous&gt; (C:\Users\Chinnawat.P\Developer\ptt-green-energy-1\src\__test__\App.test.tsx:7:30)
    at Promise.then.completed (C:\Users\Chinnawat.P\Developer\ptt-green-energy-1\node_modules\jest-circus\build\utils.js:298:28)
    at new Promise (&lt;anonymous&gt;)
    at callAsyncCircusFn (C:\Users\Chinnawat.P\Developer\ptt-green-energy-1\node_modules\jest-circus\build\utils.js:231:10)
    at _callCircusTest (C:\Users\Chinnawat.P\Developer\ptt-green-energy-1\node_modules\jest-circus\build\run.js:316:40)
    at processTicksAndRejections (node:internal/process/task_queues:96:5)
    at async _runTest (C:\Users\Chinnawat.P\Developer\ptt-green-energy-1\node_modules\jest-circus\build\run.js:252:3)
    at async _runTestsForDescribeBlock (C:\Users\Chinnawat.P\Developer\ptt-green-energy-1\node_modules\jest-circus\build\run.js:126:9)
    at async run (C:\Users\Chinnawat.P\Developer\ptt-green-energy-1\node_modules\jest-circus\build\run.js:71:3)
    at async runAndTransformResultsToJestFormat (C:\Users\Chinnawat.P\Developer\ptt-green-energy-1\node_modules\jest-circus\build\legacy-code-todo-rewrite\jestAdapterInit.js:122:21)
    at async jestAdapter (C:\Users\Chinnawat.P\Developer\ptt-green-energy-1\node_modules\jest-circus\build\legacy-code-todo-rewrite\jestAdapter.js:79:19)
    at async runTestInternal (C:\Users\Chinnawat.P\Developer\ptt-green-energy-1\node_modules\jest-runner\build\runTest.js:367:16)
    at async runTest (C:\Users\Chinnawat.P\Developer\ptt-green-energy-1\node_modules\jest-runner\build\runTest.js:444:34)</failure>
    </testcase>
  </testsuite>
</testsuites>